<?xml version="1.0" encoding="UTF-8"?>
<testng-results ignored="0" total="0" passed="0" failed="0" skipped="0">
  <reporter-output>
  </reporter-output>
  <suite started-at="2020-09-09T20:53:34 PET" name="UiautomatorTest" finished-at="2020-09-09T20:53:34 PET" duration-ms="3">
    <groups>
    </groups>
    <test started-at="2020-09-09T20:53:34 PET" name="Command line test" finished-at="2020-09-09T20:53:34 PET" duration-ms="3">
    </test> <!-- Command line test -->
  </suite> <!-- UiautomatorTest -->
</testng-results>
